<?xml version="1.0" encoding="UTF-8"?>
<testng-results ignored="0" total="2" passed="2" failed="0" skipped="0">
  <reporter-output>
  </reporter-output>
  <suite started-at="2024-07-05T10:26:23 IST" name="Default suite" finished-at="2024-07-05T10:26:31 IST" duration-ms="7975">
    <groups>
    </groups>
    <test started-at="2024-07-05T10:26:23 IST" name="Default test" finished-at="2024-07-05T10:26:31 IST" duration-ms="7975">
      <class name="GoMap.LandingPageTest">
        <test-method is-config="true" signature="extendReport()[pri:0, instance:GoMap.LandingPageTest@6150c3ec]" started-at="2024-07-05T10:26:24 IST" name="extendReport" finished-at="2024-07-05T10:26:24 IST" duration-ms="145" status="PASS">
          <reporter-output>
          </reporter-output>
        </test-method> <!-- extendReport -->
        <test-method signature="verifyLaunchApp()[pri:1, instance:GoMap.LandingPageTest@6150c3ec]" started-at="2024-07-05T10:26:24 IST" name="verifyLaunchApp" finished-at="2024-07-05T10:26:29 IST" duration-ms="5584" status="PASS">
          <reporter-output>
          </reporter-output>
        </test-method> <!-- verifyLaunchApp -->
        <test-method signature="verifyMapLandingPage()[pri:2, instance:GoMap.LandingPageTest@6150c3ec]" started-at="2024-07-05T10:26:29 IST" name="verifyMapLandingPage" finished-at="2024-07-05T10:26:31 IST" duration-ms="1994" status="PASS">
          <reporter-output>
          </reporter-output>
        </test-method> <!-- verifyMapLandingPage -->
        <test-method is-config="true" signature="extend()[pri:0, instance:GoMap.LandingPageTest@6150c3ec]" started-at="2024-07-05T10:26:31 IST" name="extend" finished-at="2024-07-05T10:26:31 IST" duration-ms="210" status="PASS">
          <reporter-output>
          </reporter-output>
        </test-method> <!-- extend -->
      </class> <!-- GoMap.LandingPageTest -->
    </test> <!-- Default test -->
  </suite> <!-- Default suite -->
</testng-results>
